── Attaching packages ─────────────────────────────────────── tidyverse 1.3.0 ──
✔ ggplot2 3.2.1     ✔ purrr   0.3.3
✔ tibble  2.1.3     ✔ dplyr   0.8.3
✔ tidyr   1.0.0     ✔ stringr 1.4.0
✔ readr   1.3.1     ✔ forcats 0.4.0
── Conflicts ────────────────────────────────────────── tidyverse_conflicts() ──
✖ dplyr::filter() masks stats::filter()
✖ dplyr::lag()    masks stats::lag()
[1] "2020-01-30 02:30:05 UTC"
Parsed with column specification:
cols(
  latest = col_datetime(format = "")
)
Error: Tibble columns must have consistent lengths, only values of length one are recycled:
* Length 3418: Column `meta`
* Length 3435: Column `detail`
<error/rlang_error>
Tibble columns must have consistent lengths, only values of length one are recycled:
* Length 3418: Column `meta`
* Length 3435: Column `detail`
Backtrace:
    █
 1. ├─`%>%`(...)
 2. │ └─base::eval(lhs, parent, parent)
 3. │   └─base::eval(lhs, parent, parent)
 4. └─tibble::tibble(...)
 5.   └─tibble:::lst_to_tibble(xlq$output, .rows, .name_repair, lengths = xlq$lengths)
 6.     └─tibble:::recycle_columns(x, .rows, lengths)
Execution halted
── Attaching packages ─────────────────────────────────────── tidyverse 1.3.0 ──
✔ ggplot2 3.2.1     ✔ purrr   0.3.3
✔ tibble  2.1.3     ✔ dplyr   0.8.3
✔ tidyr   1.0.0     ✔ stringr 1.4.0
✔ readr   1.3.1     ✔ forcats 0.4.0
── Conflicts ────────────────────────────────────────── tidyverse_conflicts() ──
✖ dplyr::filter() masks stats::filter()
✖ dplyr::lag()    masks stats::lag()
[1] "2020-01-30 02:45:04 UTC"
Parsed with column specification:
cols(
  latest = col_datetime(format = "")
)
Error: Tibble columns must have consistent lengths, only values of length one are recycled:
* Length 3418: Column `meta`
* Length 3435: Column `detail`
<error/rlang_error>
Tibble columns must have consistent lengths, only values of length one are recycled:
* Length 3418: Column `meta`
* Length 3435: Column `detail`
Backtrace:
    █
 1. ├─`%>%`(...)
 2. │ └─base::eval(lhs, parent, parent)
 3. │   └─base::eval(lhs, parent, parent)
 4. └─tibble::tibble(...)
 5.   └─tibble:::lst_to_tibble(xlq$output, .rows, .name_repair, lengths = xlq$lengths)
 6.     └─tibble:::recycle_columns(x, .rows, lengths)
Execution halted
── Attaching packages ─────────────────────────────────────── tidyverse 1.3.0 ──
✔ ggplot2 3.2.1     ✔ purrr   0.3.3
✔ tibble  2.1.3     ✔ dplyr   0.8.3
✔ tidyr   1.0.0     ✔ stringr 1.4.0
✔ readr   1.3.1     ✔ forcats 0.4.0
── Conflicts ────────────────────────────────────────── tidyverse_conflicts() ──
✖ dplyr::filter() masks stats::filter()
✖ dplyr::lag()    masks stats::lag()
[1] "2020-01-30 03:00:05 UTC"
Parsed with column specification:
cols(
  latest = col_datetime(format = "")
)
Error: Tibble columns must have consistent lengths, only values of length one are recycled:
* Length 3420: Column `meta`
* Length 3437: Column `detail`
<error/rlang_error>
Tibble columns must have consistent lengths, only values of length one are recycled:
* Length 3420: Column `meta`
* Length 3437: Column `detail`
Backtrace:
    █
 1. ├─`%>%`(...)
 2. │ └─base::eval(lhs, parent, parent)
 3. │   └─base::eval(lhs, parent, parent)
 4. └─tibble::tibble(...)
 5.   └─tibble:::lst_to_tibble(xlq$output, .rows, .name_repair, lengths = xlq$lengths)
 6.     └─tibble:::recycle_columns(x, .rows, lengths)
Execution halted
── Attaching packages ─────────────────────────────────────── tidyverse 1.3.0 ──
✔ ggplot2 3.2.1     ✔ purrr   0.3.3
✔ tibble  2.1.3     ✔ dplyr   0.8.3
✔ tidyr   1.0.0     ✔ stringr 1.4.0
✔ readr   1.3.1     ✔ forcats 0.4.0
── Conflicts ────────────────────────────────────────── tidyverse_conflicts() ──
✖ dplyr::filter() masks stats::filter()
✖ dplyr::lag()    masks stats::lag()
[1] "2020-01-30 03:15:04 UTC"
Parsed with column specification:
cols(
  latest = col_datetime(format = "")
)
Error: Tibble columns must have consistent lengths, only values of length one are recycled:
* Length 3421: Column `meta`
* Length 3438: Column `detail`
<error/rlang_error>
Tibble columns must have consistent lengths, only values of length one are recycled:
* Length 3421: Column `meta`
* Length 3438: Column `detail`
Backtrace:
    █
 1. ├─`%>%`(...)
 2. │ └─base::eval(lhs, parent, parent)
 3. │   └─base::eval(lhs, parent, parent)
 4. └─tibble::tibble(...)
 5.   └─tibble:::lst_to_tibble(xlq$output, .rows, .name_repair, lengths = xlq$lengths)
 6.     └─tibble:::recycle_columns(x, .rows, lengths)
Execution halted
── Attaching packages ─────────────────────────────────────── tidyverse 1.3.0 ──
✔ ggplot2 3.2.1     ✔ purrr   0.3.3
✔ tibble  2.1.3     ✔ dplyr   0.8.3
✔ tidyr   1.0.0     ✔ stringr 1.4.0
✔ readr   1.3.1     ✔ forcats 0.4.0
── Conflicts ────────────────────────────────────────── tidyverse_conflicts() ──
✖ dplyr::filter() masks stats::filter()
✖ dplyr::lag()    masks stats::lag()
[1] "2020-01-30 03:30:05 UTC"
Parsed with column specification:
cols(
  latest = col_datetime(format = "")
)
Saving 7 x 7 in image
── Attaching packages ─────────────────────────────────────── tidyverse 1.3.0 ──
✔ ggplot2 3.2.1     ✔ purrr   0.3.3
✔ tibble  2.1.3     ✔ dplyr   0.8.3
✔ tidyr   1.0.0     ✔ stringr 1.4.0
✔ readr   1.3.1     ✔ forcats 0.4.0
── Conflicts ────────────────────────────────────────── tidyverse_conflicts() ──
✖ dplyr::filter() masks stats::filter()
✖ dplyr::lag()    masks stats::lag()
[1] "2020-01-30 03:45:04 UTC"
Parsed with column specification:
cols(
  latest = col_datetime(format = "")
)
── Attaching packages ─────────────────────────────────────── tidyverse 1.3.0 ──
✔ ggplot2 3.2.1     ✔ purrr   0.3.3
✔ tibble  2.1.3     ✔ dplyr   0.8.3
✔ tidyr   1.0.0     ✔ stringr 1.4.0
✔ readr   1.3.1     ✔ forcats 0.4.0
── Conflicts ────────────────────────────────────────── tidyverse_conflicts() ──
✖ dplyr::filter() masks stats::filter()
✖ dplyr::lag()    masks stats::lag()
[1] "2020-01-30 04:00:04 UTC"
Parsed with column specification:
cols(
  latest = col_datetime(format = "")
)
── Attaching packages ─────────────────────────────────────── tidyverse 1.3.0 ──
✔ ggplot2 3.2.1     ✔ purrr   0.3.3
✔ tibble  2.1.3     ✔ dplyr   0.8.3
✔ tidyr   1.0.0     ✔ stringr 1.4.0
✔ readr   1.3.1     ✔ forcats 0.4.0
── Conflicts ────────────────────────────────────────── tidyverse_conflicts() ──
✖ dplyr::filter() masks stats::filter()
✖ dplyr::lag()    masks stats::lag()
[1] "2020-01-30 04:15:04 UTC"
Parsed with column specification:
cols(
  latest = col_datetime(format = "")
)
── Attaching packages ─────────────────────────────────────── tidyverse 1.3.0 ──
✔ ggplot2 3.2.1     ✔ purrr   0.3.3
✔ tibble  2.1.3     ✔ dplyr   0.8.3
✔ tidyr   1.0.0     ✔ stringr 1.4.0
✔ readr   1.3.1     ✔ forcats 0.4.0
── Conflicts ────────────────────────────────────────── tidyverse_conflicts() ──
✖ dplyr::filter() masks stats::filter()
✖ dplyr::lag()    masks stats::lag()
[1] "2020-01-30 04:30:05 UTC"
Parsed with column specification:
cols(
  latest = col_datetime(format = "")
)
── Attaching packages ─────────────────────────────────────── tidyverse 1.3.0 ──
✔ ggplot2 3.2.1     ✔ purrr   0.3.3
✔ tibble  2.1.3     ✔ dplyr   0.8.3
✔ tidyr   1.0.0     ✔ stringr 1.4.0
✔ readr   1.3.1     ✔ forcats 0.4.0
── Conflicts ────────────────────────────────────────── tidyverse_conflicts() ──
✖ dplyr::filter() masks stats::filter()
✖ dplyr::lag()    masks stats::lag()
[1] "2020-01-30 04:45:04 UTC"
Parsed with column specification:
cols(
  latest = col_datetime(format = "")
)
── Attaching packages ─────────────────────────────────────── tidyverse 1.3.0 ──
✔ ggplot2 3.2.1     ✔ purrr   0.3.3
✔ tibble  2.1.3     ✔ dplyr   0.8.3
✔ tidyr   1.0.0     ✔ stringr 1.4.0
✔ readr   1.3.1     ✔ forcats 0.4.0
── Conflicts ────────────────────────────────────────── tidyverse_conflicts() ──
✖ dplyr::filter() masks stats::filter()
✖ dplyr::lag()    masks stats::lag()
[1] "2020-01-30 05:00:05 UTC"
Parsed with column specification:
cols(
  latest = col_datetime(format = "")
)
── Attaching packages ─────────────────────────────────────── tidyverse 1.3.0 ──
✔ ggplot2 3.2.1     ✔ purrr   0.3.3
✔ tibble  2.1.3     ✔ dplyr   0.8.3
✔ tidyr   1.0.0     ✔ stringr 1.4.0
✔ readr   1.3.1     ✔ forcats 0.4.0
── Conflicts ────────────────────────────────────────── tidyverse_conflicts() ──
✖ dplyr::filter() masks stats::filter()
✖ dplyr::lag()    masks stats::lag()
[1] "2020-01-30 05:15:04 UTC"
Parsed with column specification:
cols(
  latest = col_datetime(format = "")
)
── Attaching packages ─────────────────────────────────────── tidyverse 1.3.0 ──
✔ ggplot2 3.2.1     ✔ purrr   0.3.3
✔ tibble  2.1.3     ✔ dplyr   0.8.3
✔ tidyr   1.0.0     ✔ stringr 1.4.0
✔ readr   1.3.1     ✔ forcats 0.4.0
── Conflicts ────────────────────────────────────────── tidyverse_conflicts() ──
✖ dplyr::filter() masks stats::filter()
✖ dplyr::lag()    masks stats::lag()
[1] "2020-01-30 05:30:05 UTC"
Parsed with column specification:
cols(
  latest = col_datetime(format = "")
)
── Attaching packages ─────────────────────────────────────── tidyverse 1.3.0 ──
✔ ggplot2 3.2.1     ✔ purrr   0.3.3
✔ tibble  2.1.3     ✔ dplyr   0.8.3
✔ tidyr   1.0.0     ✔ stringr 1.4.0
✔ readr   1.3.1     ✔ forcats 0.4.0
── Conflicts ────────────────────────────────────────── tidyverse_conflicts() ──
✖ dplyr::filter() masks stats::filter()
✖ dplyr::lag()    masks stats::lag()
[1] "2020-01-30 05:45:04 UTC"
Parsed with column specification:
cols(
  latest = col_datetime(format = "")
)
Saving 7 x 7 in image
